  PluginProcessor.cpp
  PluginEditor.cpp
  include_juce_audio_basics.cpp
  include_juce_audio_devices.cpp
C:\Users\soji_2\Documents\vst\HeuristicLimiter\Source\PluginProcessor.cpp(91,61): warning C4100: 'index': 引数は関数の本体部で 1 度も参照されません。
C:\Users\soji_2\Documents\vst\HeuristicLimiter\Source\PluginProcessor.cpp(95,72): warning C4100: 'index': 引数は関数の本体部で 1 度も参照されません。
C:\Users\soji_2\Documents\vst\HeuristicLimiter\Source\PluginProcessor.cpp(100,88): warning C4100: 'newName': 引数は関数の本体部で 1 度も参照されません。
C:\Users\soji_2\Documents\vst\HeuristicLimiter\Source\PluginProcessor.cpp(100,61): warning C4100: 'index': 引数は関数の本体部で 1 度も参照されません。
C:\Users\soji_2\Documents\vst\HeuristicLimiter\Source\PluginProcessor.cpp(149,104): warning C4100: 'midiMessages': 引数は関数の本体部で 1 度も参照されません。
C:\Users\soji_2\Documents\vst\HeuristicLimiter\Source\PluginProcessor.cpp(193,78): warning C4100: 'destData': 引数は関数の本体部で 1 度も参照されません。
C:\Users\soji_2\Documents\vst\HeuristicLimiter\Source\PluginProcessor.cpp(200,81): warning C4100: 'sizeInBytes': 引数は関数の本体部で 1 度も参照されません。
C:\Users\soji_2\Documents\vst\HeuristicLimiter\Source\PluginProcessor.cpp(200,71): warning C4100: 'data': 引数は関数の本体部で 1 度も参照されません。
  include_juce_audio_formats.cpp
  include_juce_audio_plugin_client_utils.cpp
  include_juce_audio_processors.cpp
  include_juce_audio_utils.cpp
  include_juce_core.cpp
  include_juce_data_structures.cpp
  include_juce_dsp.cpp
C:\JUCE\modules\juce_core\text\juce_CharacterFunctions.cpp(1,1): warning C4819: ファイルは、現在のコード ページ (932) で表示できない文字を含んでいます。データの損失を防ぐために、ファイルを Unicode 形式で保存してください。 (ソース ファイルをコンパイルしています ..\..\JuceLibraryCode\include_juce_core.cpp)
  include_juce_events.cpp
  include_juce_graphics.cpp
  include_juce_gui_basics.cpp
  include_juce_gui_extra.cpp
  HeuristicLimiter_SharedCode.vcxproj -> C:\Users\soji_2\Documents\vst\HeuristicLimiter\Builds\VisualStudio2019\x64\Debug\Shared Code\HeuristicLimiter.lib
